* using log directory ‘/Users/dturek/github/BayesNSGP/BayesNSGP.Rcheck’
* using R version 3.4.3 (2017-11-30)
* using platform: x86_64-apple-darwin15.6.0 (64-bit)
* using session charset: UTF-8
* checking for file ‘BayesNSGP/DESCRIPTION’ ... OK
* this is package ‘BayesNSGP’ version ‘0.1.0’
* package encoding: UTF-8
* checking package namespace information ... OK
* checking package dependencies ... OK
* checking if this is a source package ... OK
* checking if there is a namespace ... OK
* checking for executable files ... OK
* checking for hidden files and directories ... OK
* checking for portable file names ... OK
* checking for sufficient/correct file permissions ... OK
* checking whether package ‘BayesNSGP’ can be installed ... OK
* checking installed package size ... OK
* checking package directory ... OK
* checking DESCRIPTION meta-information ... NOTE
Checking should be performed on sources prepared by ‘R CMD build’.
* checking top-level files ... OK
* checking for left-over files ... OK
* checking index information ... OK
* checking package subdirectories ... OK
* checking R files for non-ASCII characters ... OK
* checking R files for syntax errors ... OK
* checking whether the package can be loaded ... OK
* checking whether the package can be loaded with stated dependencies ... OK
* checking whether the package can be unloaded cleanly ... OK
* checking whether the namespace can be loaded with stated dependencies ... OK
* checking whether the namespace can be unloaded cleanly ... OK
* checking dependencies in R code ... OK
* checking S3 generic/method consistency ... OK
* checking replacement functions ... OK
* checking foreign function calls ... OK
* checking R code for possible problems ... NOTE
R_sparse_crossprod: no visible binding for global variable ‘zSparse’
calculateAD_ns: no visible global function definition for ‘nsCorr’
calculateU_ns: no visible global function definition for ‘nsCrosscorr’
calculateU_ns: no visible global function definition for ‘nsCorr’
dmnorm_nngp: no visible global function definition for ‘calcQF’
dmnorm_sgv: no visible global function definition for
  ‘nimble_sparse_crossprod’
dmnorm_sgv: no visible global function definition for
  ‘nimble_sparse_tcrossprod’
dmnorm_sgv: no visible global function definition for
  ‘nimble_sparse_chol’
dmnorm_sgv: no visible global function definition for
  ‘nimble_sparse_solve’
nimble_sparse_chol: no visible global function definition for
  ‘R_sparse_chol’
nimble_sparse_crossprod: no visible global function definition for
  ‘R_sparse_crossprod’
nimble_sparse_solve: no visible global function definition for
  ‘R_sparse_solve’
nimble_sparse_tcrossprod: no visible global function definition for
  ‘R_sparse_tcrossprod’
Undefined global functions or variables:
  R_sparse_chol R_sparse_crossprod R_sparse_solve R_sparse_tcrossprod
  calcQF nimble_sparse_chol nimble_sparse_crossprod nimble_sparse_solve
  nimble_sparse_tcrossprod nsCorr nsCrosscorr zSparse
* checking Rd files ... OK
* checking Rd metadata ... OK
* checking Rd cross-references ... OK
* checking for missing documentation entries ... OK
* checking for code/documentation mismatches ... OK
* checking Rd \usage sections ... OK
* checking Rd contents ... OK
* checking for unstated dependencies in examples ... OK
* checking examples ... OK
* checking PDF version of manual ... OK
* DONE
Status: 2 NOTEs
